
 -------------------------------------------------------------
                          qgraf-3.4.2
 -------------------------------------------------------------

 output = 'diagrams-1.hh';
 style = 'form.sty';
 model = 'model';
 in = part21[k1], part21[k2];
 out = part5000000[k3], part5000000[k4];
 loops=1;
 loop_momentum=p;
 options=onshell, notadpole, nosnail;
 true=chord[part22,part23,part24,part5000000,0,0];
 true=vsum[QQ,4,4];

 -------------------------------------------------------------

        v-degrees                #diagrams

     -    -    -   6^1     ....     0   **
    3^1   -   5^1   -      ....     2
     -   4^2   -    -      ....     3
    3^2  4^1   -    -      ....     18
    3^4   -    -    -      ....     11


       total =  34 connected diagrams   (w!)

