This is pdfTeX, Version 3.1415926-2.4-1.40.13 (TeX Live 2012) (format=pdflatex 2012.7.9)  10 JUL 2012 10:51
entering extended mode
 restricted \write18 enabled.
 %&-line parsing enabled.
**lorentz.tex
(./lorentz.tex
LaTeX2e <2011/06/27>
Babel <v3.8m> and hyphenation patterns for english, dumylang, nohyphenation, ge
rman-x-2012-05-30, ngerman-x-2012-05-30, ukenglish, usenglishmax, french, germa
n, ngerman, swissgerman, loaded.
(/home/pcl247e/jfsoden/bin/texlive2011/texmf-dist/tex/latex/amscls/amsart.cls
Document Class: amsart 2009/07/02 v2.20.1
\linespacing=\dimen102
\normalparindent=\dimen103
\normaltopskip=\skip41

(/home/pcl247e/jfsoden/bin/texlive2011/texmf-dist/tex/latex/amsmath/amsmath.sty
Package: amsmath 2000/07/18 v2.13 AMS math features
\@mathmargin=\skip42
For additional information on amsmath, use the `?' option.

(/home/pcl247e/jfsoden/bin/texlive2011/texmf-dist/tex/latex/amsmath/amstext.sty
Package: amstext 2000/06/29 v2.01
(/home/pcl247e/jfsoden/bin/texlive2011/texmf-dist/tex/latex/amsmath/amsgen.sty
File: amsgen.sty 1999/11/30 v2.0
\@emptytoks=\toks14
\ex@=\dimen104
))
(/home/pcl247e/jfsoden/bin/texlive2011/texmf-dist/tex/latex/amsmath/amsbsy.sty
Package: amsbsy 1999/11/29 v1.2d
\pmbraise@=\dimen105
) (/home/pcl247e/jfsoden/bin/texlive2011/texmf-dist/tex/latex/amsmath/amsopn.st
y
Package: amsopn 1999/12/14 v2.01 operator names
)
\inf@bad=\count79
LaTeX Info: Redefining \frac on input line 211.
\uproot@=\count80
\leftroot@=\count81
LaTeX Info: Redefining \overline on input line 307.
\classnum@=\count82
\DOTSCASE@=\count83
LaTeX Info: Redefining \ldots on input line 379.
LaTeX Info: Redefining \dots on input line 382.
LaTeX Info: Redefining \cdots on input line 467.
\Mathstrutbox@=\box26
\strutbox@=\box27
\big@size=\dimen106
LaTeX Font Info:    Redeclaring font encoding OML on input line 567.
LaTeX Font Info:    Redeclaring font encoding OMS on input line 568.
\macc@depth=\count84
\c@MaxMatrixCols=\count85
\dotsspace@=\muskip10
\c@parentequation=\count86
\dspbrk@lvl=\count87
\tag@help=\toks15
\row@=\count88
\column@=\count89
\maxfields@=\count90
\andhelp@=\toks16
\eqnshift@=\dimen107
\alignsep@=\dimen108
\tagshift@=\dimen109
\tagwidth@=\dimen110
\totwidth@=\dimen111
\lineht@=\dimen112
\@envbody=\toks17
\multlinegap=\skip43
\multlinetaggap=\skip44
\mathdisplay@stack=\toks18
LaTeX Info: Redefining \[ on input line 2666.
LaTeX Info: Redefining \] on input line 2667.
)
LaTeX Font Info:    Try loading font information for U+msa on input line 388.
 (/home/pcl247e/jfsoden/bin/texlive2011/texmf-dist/tex/latex/amsfonts/umsa.fd
File: umsa.fd 2009/06/22 v3.00 AMS symbols A
)
(/home/pcl247e/jfsoden/bin/texlive2011/texmf-dist/tex/latex/amsfonts/amsfonts.s
ty
Package: amsfonts 2009/06/22 v3.00 Basic AMSFonts support
\symAMSa=\mathgroup4
\symAMSb=\mathgroup5
LaTeX Font Info:    Overwriting math alphabet `\mathfrak' in version `bold'
(Font)                  U/euf/m/n --> U/euf/b/n on input line 96.
)
\copyins=\insert233
\abstractbox=\box28
\listisep=\skip45
\c@part=\count91
\c@section=\count92
\c@subsection=\count93
\c@subsubsection=\count94
\c@paragraph=\count95
\c@subparagraph=\count96
\c@figure=\count97
\c@table=\count98
\abovecaptionskip=\skip46
\belowcaptionskip=\skip47
\captionindent=\dimen113
\thm@style=\toks19
\thm@bodyfont=\toks20
\thm@headfont=\toks21
\thm@notefont=\toks22
\thm@headpunct=\toks23
\thm@preskip=\skip48
\thm@postskip=\skip49
\thm@headsep=\skip50
\dth@everypar=\toks24
)
(/home/pcl247e/jfsoden/bin/texlive2011/texmf-dist/tex/latex/hyperref/hyperref.s
ty
Package: hyperref 2012/05/13 v6.82q Hypertext links for LaTeX

(/home/pcl247e/jfsoden/bin/texlive2011/texmf-dist/tex/generic/oberdiek/hobsub-h
yperref.sty
Package: hobsub-hyperref 2012/05/28 v1.13 Bundle oberdiek, subset hyperref (HO)


(/home/pcl247e/jfsoden/bin/texlive2011/texmf-dist/tex/generic/oberdiek/hobsub-g
eneric.sty
Package: hobsub-generic 2012/05/28 v1.13 Bundle oberdiek, subset generic (HO)
Package: hobsub 2012/05/28 v1.13 Construct package bundles (HO)
Package: infwarerr 2010/04/08 v1.3 Providing info/warning/error messages (HO)
Package: ltxcmds 2011/11/09 v1.22 LaTeX kernel commands for general use (HO)
Package: ifluatex 2010/03/01 v1.3 Provides the ifluatex switch (HO)
Package ifluatex Info: LuaTeX not detected.
Package: ifvtex 2010/03/01 v1.5 Detect VTeX and its facilities (HO)
Package ifvtex Info: VTeX not detected.
Package: intcalc 2007/09/27 v1.1 Expandable calculations with integers (HO)
Package: ifpdf 2011/01/30 v2.3 Provides the ifpdf switch (HO)
Package ifpdf Info: pdfTeX in PDF mode is detected.
Package: etexcmds 2011/02/16 v1.5 Avoid name clashes with e-TeX commands (HO)
Package etexcmds Info: Could not find \expanded.
(etexcmds)             That can mean that you are not using pdfTeX 1.50 or
(etexcmds)             that some package has redefined \expanded.
(etexcmds)             In the latter case, load this package earlier.
Package: kvsetkeys 2012/04/25 v1.16 Key value parser (HO)
Package: kvdefinekeys 2011/04/07 v1.3 Define keys (HO)
Package: pdftexcmds 2011/11/29 v0.20 Utility functions of pdfTeX for LuaTeX (HO
)
Package pdftexcmds Info: LuaTeX not detected.
Package pdftexcmds Info: \pdf@primitive is available.
Package pdftexcmds Info: \pdf@ifprimitive is available.
Package pdftexcmds Info: \pdfdraftmode found.
Package: pdfescape 2011/11/25 v1.13 Implements pdfTeX's escape features (HO)
Package: bigintcalc 2012/04/08 v1.3 Expandable calculations on big integers (HO
)
Package: bitset 2011/01/30 v1.1 Handle bit-vector datatype (HO)
Package: uniquecounter 2011/01/30 v1.2 Provide unlimited unique counter (HO)
)
Package hobsub Info: Skipping package `hobsub' (already loaded).
Package: letltxmacro 2010/09/02 v1.4 Let assignment for LaTeX macros (HO)
Package: hopatch 2012/05/28 v1.2 Wrapper for package hooks (HO)
Package: xcolor-patch 2011/01/30 xcolor patch
Package: atveryend 2011/06/30 v1.8 Hooks at the very end of document (HO)
Package atveryend Info: \enddocument detected (standard20110627).
Package: atbegshi 2011/10/05 v1.16 At begin shipout hook (HO)
Package: refcount 2011/10/16 v3.4 Data extraction from label references (HO)
Package: hycolor 2011/01/30 v1.7 Color options for hyperref/bookmark (HO)
)
(/home/pcl247e/jfsoden/bin/texlive2011/texmf-dist/tex/latex/graphics/keyval.sty
Package: keyval 1999/03/16 v1.13 key=value parser (DPC)
\KV@toks@=\toks25
)
(/home/pcl247e/jfsoden/bin/texlive2011/texmf-dist/tex/generic/ifxetex/ifxetex.s
ty
Package: ifxetex 2010/09/12 v0.6 Provides ifxetex conditional
)
(/home/pcl247e/jfsoden/bin/texlive2011/texmf-dist/tex/latex/oberdiek/kvoptions.
sty
Package: kvoptions 2011/06/30 v3.11 Key value format for package options (HO)
)
\@linkdim=\dimen114
\Hy@linkcounter=\count99
\Hy@pagecounter=\count100

(/home/pcl247e/jfsoden/bin/texlive2011/texmf-dist/tex/latex/hyperref/pd1enc.def
File: pd1enc.def 2012/05/13 v6.82q Hyperref: PDFDocEncoding definition (HO)
)
\Hy@SavedSpaceFactor=\count101

(/home/pcl247e/jfsoden/bin/texlive2011/texmf-dist/tex/latex/latexconfig/hyperre
f.cfg
File: hyperref.cfg 2002/06/06 v1.2 hyperref configuration of TeXLive
)
Package hyperref Info: Hyper figures OFF on input line 4062.
Package hyperref Info: Link nesting OFF on input line 4067.
Package hyperref Info: Hyper index ON on input line 4070.
Package hyperref Info: Plain pages OFF on input line 4077.
Package hyperref Info: Backreferencing OFF on input line 4082.
Package hyperref Info: Implicit mode ON; LaTeX internals redefined.
Package hyperref Info: Bookmarks ON on input line 4300.
\c@Hy@tempcnt=\count102
 (/home/pcl247e/jfsoden/bin/texlive2011/texmf-dist/tex/latex/url/url.sty
\Urlmuskip=\muskip11
Package: url 2006/04/12  ver 3.3  Verb mode for urls, etc.
)
LaTeX Info: Redefining \url on input line 4653.
\Fld@menulength=\count103
\Field@Width=\dimen115
\Fld@charsize=\dimen116
Package hyperref Info: Hyper figures OFF on input line 5773.
Package hyperref Info: Link nesting OFF on input line 5778.
Package hyperref Info: Hyper index ON on input line 5781.
Package hyperref Info: backreferencing OFF on input line 5788.
Package hyperref Info: Link coloring OFF on input line 5793.
Package hyperref Info: Link coloring with OCG OFF on input line 5798.
Package hyperref Info: PDF/A mode OFF on input line 5803.
LaTeX Info: Redefining \ref on input line 5843.
LaTeX Info: Redefining \pageref on input line 5847.
\Hy@abspage=\count104
\c@Item=\count105
\c@Hfootnote=\count106
)

Package hyperref Message: Driver: hpdftex.


(/home/pcl247e/jfsoden/bin/texlive2011/texmf-dist/tex/latex/hyperref/hpdftex.de
f
File: hpdftex.def 2012/05/13 v6.82q Hyperref driver for pdfTeX
\Fld@listcount=\count107
\c@bookmark@seq@number=\count108

(/home/pcl247e/jfsoden/bin/texlive2011/texmf-dist/tex/latex/oberdiek/rerunfilec
heck.sty
Package: rerunfilecheck 2011/04/15 v1.7 Rerun checks for auxiliary files (HO)
Package uniquecounter Info: New unique counter `rerunfilecheck' on input line 2
82.
)
\Hy@SectionHShift=\skip51
)
(/home/pcl247e/jfsoden/bin/texlive2011/texmf-dist/tex/latex/doublestroke/dsfont
.sty
Package: dsfont 1995/08/01 v0.1 Double stroke roman fonts
)
(/home/pcl247e/jfsoden/bin/texlive2011/texmf-dist/tex/latex/units/units.sty
Package: units 1998/08/04 v0.9b Typesetting units

(/home/pcl247e/jfsoden/bin/texlive2011/texmf-dist/tex/latex/base/ifthen.sty
Package: ifthen 2001/05/26 v1.1c Standard LaTeX ifthen package (DPC)
)
(/home/pcl247e/jfsoden/bin/texlive2011/texmf-dist/tex/latex/units/nicefrac.sty
Package: nicefrac 1998/08/04 v0.9b Nice fractions
\L@UnitsRaiseDisplaystyle=\skip52
\L@UnitsRaiseTextstyle=\skip53
\L@UnitsRaiseScriptstyle=\skip54
)) (./remark.sty
Package: remark 17/12/2007 v0.1 remark
\@remarkFile=\write3
\c@remark=\count109
\openout3 = `lorentz.do'.

)

Package hyperref Warning: Token not allowed in a PDF string (PDFDocEncoding):
(hyperref)                removing `math shift' on input line 67.


Package hyperref Warning: Token not allowed in a PDF string (PDFDocEncoding):
(hyperref)                removing `math shift' on input line 67.

Package hyperref Info: Option `colorlinks' set `true' on input line 67.
(./lorentz.aux)
\openout1 = `lorentz.aux'.

LaTeX Font Info:    Checking defaults for OML/cmm/m/it on input line 70.
LaTeX Font Info:    ... okay on input line 70.
LaTeX Font Info:    Checking defaults for T1/cmr/m/n on input line 70.
LaTeX Font Info:    ... okay on input line 70.
LaTeX Font Info:    Checking defaults for OT1/cmr/m/n on input line 70.
LaTeX Font Info:    ... okay on input line 70.
LaTeX Font Info:    Checking defaults for OMS/cmsy/m/n on input line 70.
LaTeX Font Info:    ... okay on input line 70.
LaTeX Font Info:    Checking defaults for OMX/cmex/m/n on input line 70.
LaTeX Font Info:    ... okay on input line 70.
LaTeX Font Info:    Checking defaults for U/cmr/m/n on input line 70.
LaTeX Font Info:    ... okay on input line 70.
LaTeX Font Info:    Checking defaults for PD1/pdf/m/n on input line 70.
LaTeX Font Info:    ... okay on input line 70.
LaTeX Font Info:    Try loading font information for U+msa on input line 70.

(/home/pcl247e/jfsoden/bin/texlive2011/texmf-dist/tex/latex/amsfonts/umsa.fd
File: umsa.fd 2009/06/22 v3.00 AMS symbols A
)
LaTeX Font Info:    Try loading font information for U+msb on input line 70.

(/home/pcl247e/jfsoden/bin/texlive2011/texmf-dist/tex/latex/amsfonts/umsb.fd
File: umsb.fd 2009/06/22 v3.00 AMS symbols B
)
\AtBeginShipoutBox=\box29

(/home/pcl247e/jfsoden/bin/texlive2011/texmf-dist/tex/latex/graphics/color.sty
Package: color 2005/11/14 v1.0j Standard LaTeX Color (DPC)

(/home/pcl247e/jfsoden/bin/texlive2011/texmf-dist/tex/latex/latexconfig/color.c
fg
File: color.cfg 2007/01/18 v1.5 color configuration of teTeX/TeXLive
)
Package color Info: Driver file: pdftex.def on input line 130.

(/home/pcl247e/jfsoden/bin/texlive2011/texmf-dist/tex/latex/pdftex-def/pdftex.d
ef
File: pdftex.def 2011/05/27 v0.06d Graphics/color for pdfTeX
\Gread@gobject=\count110

(/home/pcl247e/jfsoden/bin/texlive2011/texmf-dist/tex/context/base/supp-pdf.mki
i
[Loading MPS to PDF converter (version 2006.09.02).]
\scratchcounter=\count111
\scratchdimen=\dimen117
\scratchbox=\box30
\nofMPsegments=\count112
\nofMParguments=\count113
\everyMPshowfont=\toks26
\MPscratchCnt=\count114
\MPscratchDim=\dimen118
\MPnumerator=\count115
\makeMPintoPDFobject=\count116
\everyMPtoPDFconversion=\toks27
)))
Package hyperref Info: Link coloring ON on input line 70.

(/home/pcl247e/jfsoden/bin/texlive2011/texmf-dist/tex/latex/hyperref/nameref.st
y
Package: nameref 2010/04/30 v2.40 Cross-referencing by name of section

(/home/pcl247e/jfsoden/bin/texlive2011/texmf-dist/tex/generic/oberdiek/gettitle
string.sty
Package: gettitlestring 2010/12/03 v1.4 Cleanup title references (HO)
)
\c@section@level=\count117
)
LaTeX Info: Redefining \ref on input line 70.
LaTeX Info: Redefining \pageref on input line 70.
LaTeX Info: Redefining \nameref on input line 70.
 (./lorentz.out) (./lorentz.out)
\@outlinefile=\write4
\openout4 = `lorentz.out'.

 (./lorentz.toc)
\tf@toc=\write5
\openout5 = `lorentz.toc'.

LaTeX Font Info:    Font shape `OT1/cmtt/bx/n' in size <12> not available
(Font)              Font shape `OT1/cmtt/m/n' tried instead on input line 83.
 [1{/home/pcl247e/jfsoden/bin/texlive2011/texmf-var/fonts/map/pdftex/updmap/pdf
tex.map}]
Overfull \hbox (14.15538pt too wide) in paragraph at lines 92--98
[]\OT1/cmr/m/n/12 denotes the Lorentz part
 []


Overfull \hbox (6.33012pt too wide) in paragraph at lines 101--104
[]\OT1/cmr/m/n/12 for each fi-nal state par-ti-cle. As-so-ciates the colour
 []


Overfull \hbox (12.02846pt too wide) detected at line 127
[][]\OT1/cmr/m/n/12 (\OML/cmm/m/it/12 k; m\OT1/cmr/m/n/12 ) = [] [] [](\OML/cmm
/m/it/12 k; m; \OT1/cmr/m/n/12 ^^@) = []
 []

[2] [3]
Overfull \hbox (3.11615pt too wide) in paragraph at lines 304--304
[][][]   \OT1/cmtt/m/n/10.95 + csqrt(m*(m-[][]_*sDUMMY1)) * NCContainer(1, iv2,
 iv1)  
 []


Overfull \hbox (241.337pt too wide) in paragraph at lines 307--308
[][][]   \OT1/cmtt/m/n/10.95 + PREFACTOR([][]_ * csqrt(m*(m-[][]_*sDUMMY1))) * 
NCContainer(1, iv2, iv1) * inv(ZERO, m, sDUMMY1);$[]$  
 []

[4]
Overfull \hbox (89.34647pt too wide) in paragraph at lines 336--336
[][][]  \OT1/cmtt/m/n/10.95 PREFACTOR([][]_) * NCContainer(Sm(k1)*ProjPlus, iv2
, iv1) * inv(k1, 0);  
 []


Overfull \hbox (100.57016pt too wide) in paragraph at lines 338--339
[][][]  \OT1/cmtt/m/n/10.95 PREFACTOR([][]_) * NCContainer(Sm(k1)*ProjMinus, iv
2, iv1) * inv(k1, 0);$[]$  
 []

[5] [6]
Underfull \vbox (badness 1253) has occurred while \output is active []

 [7]
Overfull \hbox (3.11615pt too wide) in paragraph at lines 608--608
[][][]   \OT1/cmtt/m/n/10.95 - PREFACTOR([][]_) * d(iv1, iv2) * inv(k1, m, sDUM
MY1);  
 []


Overfull \hbox (20.08853pt too wide) in paragraph at lines 610--611
[][][]   \OT1/cmtt/m/n/10.95 - PREFACTOR([][]_) * d(iv1, iv2) * inv(ZERO, m, sD
UMMY1);$[]$  
 []

[8]
Underfull \vbox (badness 5652) has occurred while \output is active []

 [9]
[10]
(remark) TODO: 

[11]
Overfull \hbox (38.94704pt too wide) in paragraph at lines 968--968
[][][]   [][] [][] \OT1/cmtt/m/n/10.95 proplorentz(3, k1?, m?, sDUMMY1?, 0, iv1
?, iv2?) =  
 []


Overfull \hbox (11.81519pt too wide) in paragraph at lines 972--972
[][][]         \OT1/cmtt/m/n/10.95 + 4*k1(iv1L2)*k1(iv2L2)/csqrt(m*(m-i_*sDUMMY
1))  
 []


Overfull \hbox (207.27057pt too wide) in paragraph at lines 974--974
[][][]         \OT1/cmtt/m/n/10.95 + 2*NCContainer(Sm(k1),iv1L1,iv2L1)*k1(iv1L2
)*k1(iv2L2)/csqrt(m*(m-i_*sDUMMY1))^2  
 []


Overfull \hbox (29.06125pt too wide) in paragraph at lines 975--975
[][][]         \OT1/cmtt/m/n/10.95 - 3*NCContainer(Sm(k1),iv1L1,iv2L1)*d(iv1L2,
iv2L2)  
 []


Overfull \hbox (184.27582pt too wide) in paragraph at lines 976--976
[][][]         \OT1/cmtt/m/n/10.95 - NCContainer(Sm(k1)*Sm(iv2L2),iv1L1,iv2L1)*
k1(iv1L2)/csqrt(m*(m-i_*sDUMMY1))  
 []


Overfull \hbox (6.0665pt too wide) in paragraph at lines 977--977
[][][]         \OT1/cmtt/m/n/10.95 + NCContainer(Sm(iv1L2),iv1L1,iv2L1)*k1(iv2L
2)  
 []


Overfull \hbox (184.27582pt too wide) in paragraph at lines 978--978
[][][]         \OT1/cmtt/m/n/10.95 - NCContainer(Sm(iv1L2)*Sm(k1),iv1L1,iv2L1)*
k1(iv2L2)/csqrt(m*(m-i_*sDUMMY1))  
 []


Overfull \hbox (46.30731pt too wide) in paragraph at lines 979--979
[][][]         \OT1/cmtt/m/n/10.95 - NCContainer(Sm(iv1L2)*Sm(k1)*Sm(iv2L2),iv1
L1,iv2L1)  
 []


Overfull \hbox (144.035pt too wide) in paragraph at lines 980--980
[][][]         \OT1/cmtt/m/n/10.95 + NCContainer(Sm(iv1L2)*Sm(iv2L2),iv1L1,iv2L
1)*csqrt(m*(m-i_*sDUMMY1))  
 []


Overfull \hbox (6.0665pt too wide) in paragraph at lines 981--981
[][][]         \OT1/cmtt/m/n/10.95 + NCContainer(Sm(iv2L2),iv1L1,iv2L1)*k1(iv1L
2)  
 []


Overfull \hbox (80.79944pt too wide) in paragraph at lines 992--992
[][][]         \OT1/cmtt/m/n/10.95 + 2*NCContainer(Sm(k1),iv1L1,iv2L1)*k1(iv1L2
)*k1(iv2L2)/m^2  
 []


Overfull \hbox (29.06125pt too wide) in paragraph at lines 993--993
[][][]         \OT1/cmtt/m/n/10.95 - 3*NCContainer(Sm(k1),iv1L1,iv2L1)*d(iv1L2,
iv2L2)  
 []


Overfull \hbox (57.80469pt too wide) in paragraph at lines 994--994
[][][]         \OT1/cmtt/m/n/10.95 - NCContainer(Sm(k1)*Sm(iv2L2),iv1L1,iv2L1)*
k1(iv1L2)/m  
 []


Overfull \hbox (6.0665pt too wide) in paragraph at lines 995--995
[][][]         \OT1/cmtt/m/n/10.95 + NCContainer(Sm(iv1L2),iv1L1,iv2L1)*k1(iv2L
2)  
 []


Overfull \hbox (57.80469pt too wide) in paragraph at lines 996--996
[][][]         \OT1/cmtt/m/n/10.95 - NCContainer(Sm(iv1L2)*Sm(k1),iv1L1,iv2L1)*
k1(iv2L2)/m  
 []


Overfull \hbox (46.30731pt too wide) in paragraph at lines 997--997
[][][]         \OT1/cmtt/m/n/10.95 - NCContainer(Sm(iv1L2)*Sm(k1)*Sm(iv2L2),iv1
L1,iv2L1)  
 []


Overfull \hbox (17.56387pt too wide) in paragraph at lines 998--998
[][][]         \OT1/cmtt/m/n/10.95 + NCContainer(Sm(iv1L2)*Sm(iv2L2),iv1L1,iv2L
1)*m  
 []


Overfull \hbox (6.0665pt too wide) in paragraph at lines 999--999
[][][]         \OT1/cmtt/m/n/10.95 + NCContainer(Sm(iv2L2),iv1L1,iv2L1)*k1(iv1L
2)  
 []


Underfull \vbox (badness 5817) has occurred while \output is active []

 [12]
Underfull \vbox (badness 10000) has occurred while \output is active []

 [13]
Underfull \vbox (badness 10000) has occurred while \output is active []

 [14]
Underfull \vbox (badness 10000) has occurred while \output is active []

 [15]
Underfull \vbox (badness 10000) has occurred while \output is active []

 [16]
Overfull \hbox (9.70097pt too wide) in paragraph at lines 1249--1249
[][][][] [][] \OT1/cmtt/m/n/10.95 proplorentz(4, k1?, m?, sDUMMY1?, 1, iv1?, iv
2?) =  
 []

[17]

Package hyperref Warning: No destination for bookmark of \addcontentsline,
(hyperref)                destination is added on input line 1267.


Overfull \hbox (9.70097pt too wide) in paragraph at lines 1284--1284
[][][][] [][] \OT1/cmtt/m/n/10.95 proplorentz(4, k1?, m?, sDUMMY1?, 0, iv1?, iv
2?) =  
 []


Overfull \hbox (17.56387pt too wide) in paragraph at lines 1299--1299
[][][]      \OT1/cmtt/m/n/10.95 + 1/6 * (d(iv1a, iv1b) + 2*k1(iv1a)*k1(iv1b)/m^
2) *  
 []


Overfull \hbox (6.0665pt too wide) in paragraph at lines 1300--1300
[][][]              \OT1/cmtt/m/n/10.95 (d(iv2a, iv2b) + 2*k1(iv2a)*k1(iv2b)/m^
2)  
 []


Underfull \vbox (badness 5302) has occurred while \output is active []

 [18]
Overfull \hbox (109.54288pt too wide) in paragraph at lines 1358--1358
[][][]   \OT1/cmtt/m/n/10.95 fDUMMY1(ivL2a, k1, +1, k2, k3, m) * fDUMMY1(ivL2b,
 k1, +1, k2, k3, m);  
 []


Overfull \hbox (132.53763pt too wide) in paragraph at lines 1364--1364
[][][]      \OT1/cmtt/m/n/10.95 + fDUMMY1(ivL2a, k1, +1, k2, k3, m) * fDUMMY1(i
vL2b, k1,  0, k2, k3, m)  
 []


Overfull \hbox (132.53763pt too wide) in paragraph at lines 1365--1365
[][][]      \OT1/cmtt/m/n/10.95 + fDUMMY1(ivL2a, k1,  0, k2, k3, m) * fDUMMY1(i
vL2b, k1, +1, k2, k3, m)  
 []


Overfull \hbox (132.53763pt too wide) in paragraph at lines 1372--1372
[][][]      \OT1/cmtt/m/n/10.95 + fDUMMY1(ivL2a, k1, +1, k2, k3, m) * fDUMMY1(i
vL2b, k1, -1, k2, k3, m)  
 []


Overfull \hbox (132.53763pt too wide) in paragraph at lines 1373--1373
[][][]      \OT1/cmtt/m/n/10.95 + fDUMMY1(ivL2a, k1, -1, k2, k3, m) * fDUMMY1(i
vL2b, k1, +1, k2, k3, m)  
 []


Overfull \hbox (144.035pt too wide) in paragraph at lines 1374--1374
[][][]      \OT1/cmtt/m/n/10.95 + 2 * fDUMMY1(ivL2a, k1, 0, k2, k3, m) * fDUMMY
1(ivL2b, k1, 0, k2, k3, m)  
 []


Overfull \hbox (132.53763pt too wide) in paragraph at lines 1381--1381
[][][]      \OT1/cmtt/m/n/10.95 + fDUMMY1(ivL2a, k1, -1, k2, k3, m) * fDUMMY1(i
vL2b, k1,  0, k2, k3, m)  
 []


Overfull \hbox (132.53763pt too wide) in paragraph at lines 1382--1382
[][][]      \OT1/cmtt/m/n/10.95 + fDUMMY1(ivL2a, k1,  0, k2, k3, m) * fDUMMY1(i
vL2b, k1, -1, k2, k3, m)  
 []

[19]
Overfull \hbox (109.54288pt too wide) in paragraph at lines 1388--1388
[][][]   \OT1/cmtt/m/n/10.95 fDUMMY1(ivL2a, k1, -1, k2, k3, m) * fDUMMY1(ivL2b,
 k1, -1, k2, k3, m);  
 []


Overfull \hbox (21.43726pt too wide) in paragraph at lines 1450--1455
\OT1/cmr/m/n/12 cal rea-sons these re-place-ment rules are ex-pected in the fil
e \OT1/cmtt/m/n/12 propagators.hh\OT1/cmr/m/n/12 .
 []

[20] [21]
Underfull \hbox (badness 1163) in paragraph at lines 1549--1555
[]\OT1/cmr/m/n/10 Z. Xu, D. H. Zhang and L. Chang, \OT1/cmr/m/it/10 He-lic-ity 
Am-pli-tudes for Mul-ti-ple
 []

Package atveryend Info: Empty hook `BeforeClearDocument' on input line 1561.
[22]
Package atveryend Info: Empty hook `AfterLastShipout' on input line 1561.
 (./lorentz.aux)
Package atveryend Info: Executing hook `AtVeryEndDocument' on input line 1561.
Package atveryend Info: Executing hook `AtEndAfterFileList' on input line 1561.

Package rerunfilecheck Info: File `lorentz.out' has not changed.
(rerunfilecheck)             Checksum: EE474547942C1EFEA5ADC7C8CE2FA482;1105.
Package atveryend Info: Empty hook `AtVeryVeryEnd' on input line 1561.
 ) 
Here is how much of TeX's memory you used:
 6229 strings out of 494956
 87898 string characters out of 3176408
 186198 words of memory out of 3000000
 9098 multiletter control sequences out of 15000+200000
 18054 words of font info for 72 fonts, out of 3000000 for 9000
 197 hyphenation exceptions out of 8191
 34i,11n,32p,293b,491s stack positions out of 5000i,500n,10000p,200000b,50000s
</home/pcl247e/jfsoden/bin/texlive2011/texmf-dist/fonts/type1/public/amsfonts
/cm/cmbx10.pfb></home/pcl247e/jfsoden/bin/texlive2011/texmf-dist/fonts/type1/pu
blic/amsfonts/cm/cmbx12.pfb></home/pcl247e/jfsoden/bin/texlive2011/texmf-dist/f
onts/type1/public/amsfonts/cm/cmbx8.pfb></home/pcl247e/jfsoden/bin/texlive2011/
texmf-dist/fonts/type1/public/amsfonts/cm/cmcsc10.pfb></home/pcl247e/jfsoden/bi
n/texlive2011/texmf-dist/fonts/type1/public/amsfonts/cm/cmex10.pfb></home/pcl24
7e/jfsoden/bin/texlive2011/texmf-dist/fonts/type1/public/amsfonts/cm/cmitt10.pf
b></home/pcl247e/jfsoden/bin/texlive2011/texmf-dist/fonts/type1/public/amsfonts
/cm/cmmi10.pfb></home/pcl247e/jfsoden/bin/texlive2011/texmf-dist/fonts/type1/pu
blic/amsfonts/cm/cmmi12.pfb></home/pcl247e/jfsoden/bin/texlive2011/texmf-dist/f
onts/type1/public/amsfonts/cm/cmmi8.pfb></home/pcl247e/jfsoden/bin/texlive2011/
texmf-dist/fonts/type1/public/amsfonts/cm/cmmi9.pfb></home/pcl247e/jfsoden/bin/
texlive2011/texmf-dist/fonts/type1/public/amsfonts/cm/cmr10.pfb></home/pcl247e/
jfsoden/bin/texlive2011/texmf-dist/fonts/type1/public/amsfonts/cm/cmr12.pfb></h
ome/pcl247e/jfsoden/bin/texlive2011/texmf-dist/fonts/type1/public/amsfonts/cm/c
mr6.pfb></home/pcl247e/jfsoden/bin/texlive2011/texmf-dist/fonts/type1/public/am
sfonts/cm/cmr8.pfb></home/pcl247e/jfsoden/bin/texlive2011/texmf-dist/fonts/type
1/public/amsfonts/cm/cmr9.pfb></home/pcl247e/jfsoden/bin/texlive2011/texmf-dist
/fonts/type1/public/amsfonts/cm/cmssbx10.pfb></home/pcl247e/jfsoden/bin/texlive
2011/texmf-dist/fonts/type1/public/amsfonts/cm/cmsy10.pfb></home/pcl247e/jfsode
n/bin/texlive2011/texmf-dist/fonts/type1/public/amsfonts/cm/cmsy6.pfb></home/pc
l247e/jfsoden/bin/texlive2011/texmf-dist/fonts/type1/public/amsfonts/cm/cmsy8.p
fb></home/pcl247e/jfsoden/bin/texlive2011/texmf-dist/fonts/type1/public/amsfont
s/cm/cmti10.pfb></home/pcl247e/jfsoden/bin/texlive2011/texmf-dist/fonts/type1/p
ublic/amsfonts/cm/cmti12.pfb></home/pcl247e/jfsoden/bin/texlive2011/texmf-dist/
fonts/type1/public/amsfonts/cm/cmtt10.pfb></home/pcl247e/jfsoden/bin/texlive201
1/texmf-dist/fonts/type1/public/amsfonts/cm/cmtt12.pfb>
Output written on lorentz.pdf (22 pages, 312297 bytes).
PDF statistics:
 690 PDF objects out of 1000 (max. 8388607)
 636 compressed objects within 7 object streams
 127 named destinations out of 1000 (max. 500000)
 145 words of extra memory for PDF output out of 10000 (max. 10000000)

